{"uuid":"793c0f61-ea7e-4762-b86e-aacce0cd4589","historyId":"fc6fa3665d9b3444656ba2db0f7bad8","fullName":"org.example.tests.integration.Integration.testCreateBooking","labels":[{"name":"package","value":"org.example.tests.integration.Integration"},{"name":"testClass","value":"org.example.tests.integration.Integration"},{"name":"testMethod","value":"testCreateBooking"},{"name":"parentSuite","value":"Default Suite"},{"name":"suite","value":"APIAutomationFramework"},{"name":"subSuite","value":"org.example.tests.integration.Integration"},{"name":"host","value":"Georges-MacBook-Pro.local"},{"name":"thread","value":"8444@Georges-MacBook-Pro.local.main(1)"},{"name":"framework","value":"testng"},{"name":"language","value":"java"}],"links":[],"name":"testCreateBooking","status":"skipped","statusDetails":{"known":false,"muted":false,"flaky":false,"message":"java.lang.ExceptionInInitializerError","trace":"java.lang.ExceptionInInitializerError\n\tat org.example.base.BaseTest.setConfig(BaseTest.java:40)\n\tat java.base/jdk.internal.reflect.DirectMethodHandleAccessor.invoke(DirectMethodHandleAccessor.java:103)\n\tat java.base/java.lang.reflect.Method.invoke(Method.java:580)\n\tat org.testng.internal.invokers.MethodInvocationHelper.invokeMethod(MethodInvocationHelper.java:139)\n\tat org.testng.internal.invokers.MethodInvocationHelper.invokeMethodConsideringTimeout(MethodInvocationHelper.java:69)\n\tat org.testng.internal.invokers.ConfigInvoker.invokeConfigurationMethod(ConfigInvoker.java:390)\n\tat org.testng.internal.invokers.ConfigInvoker.invokeConfigurations(ConfigInvoker.java:325)\n\tat org.testng.internal.invokers.TestInvoker.runConfigMethods(TestInvoker.java:810)\n\tat org.testng.internal.invokers.TestInvoker.invokeMethod(TestInvoker.java:577)\n\tat org.testng.internal.invokers.TestInvoker.invokeTestMethod(TestInvoker.java:227)\n\tat org.testng.internal.invokers.MethodRunner.runInSequence(MethodRunner.java:50)\n\tat org.testng.internal.invokers.TestInvoker$MethodInvocationAgent.invoke(TestInvoker.java:957)\n\tat org.testng.internal.invokers.TestInvoker.invokeTestMethods(TestInvoker.java:200)\n\tat org.testng.internal.invokers.TestMethodWorker.invokeTestMethods(TestMethodWorker.java:148)\n\tat org.testng.internal.invokers.TestMethodWorker.run(TestMethodWorker.java:128)\n\tat java.base/java.util.ArrayList.forEach(ArrayList.java:1597)\n\tat org.testng.TestRunner.privateRun(TestRunner.java:848)\n\tat org.testng.TestRunner.run(TestRunner.java:621)\n\tat org.testng.SuiteRunner.runTest(SuiteRunner.java:443)\n\tat org.testng.SuiteRunner.runSequentially(SuiteRunner.java:437)\n\tat org.testng.SuiteRunner.privateRun(SuiteRunner.java:397)\n\tat org.testng.SuiteRunner.run(SuiteRunner.java:336)\n\tat org.testng.SuiteRunnerWorker.runSuite(SuiteRunnerWorker.java:52)\n\tat org.testng.SuiteRunnerWorker.run(SuiteRunnerWorker.java:95)\n\tat org.testng.TestNG.runSuitesSequentially(TestNG.java:1280)\n\tat org.testng.TestNG.runSuitesLocally(TestNG.java:1200)\n\tat org.testng.TestNG.runSuites(TestNG.java:1114)\n\tat org.testng.TestNG.run(TestNG.java:1082)\n\tat com.intellij.rt.testng.IDEARemoteTestNG.run(IDEARemoteTestNG.java:65)\n\tat com.intellij.rt.testng.RemoteTestNGStarter.main(RemoteTestNGStarter.java:105)\nCaused by: java.lang.RuntimeException: java.io.FileNotFoundException: /Users/george/Documents/APIAutomationFrameworksrc/main/java/org/example/resources/TDP.properties (No such file or directory)\n\tat org.example.endpoints.APIConstants.<clinit>(APIConstants.java:15)\n\t... 30 more\nCaused by: java.io.FileNotFoundException: /Users/george/Documents/APIAutomationFrameworksrc/main/java/org/example/resources/TDP.properties (No such file or directory)\n\tat java.base/java.io.FileInputStream.open0(Native Method)\n\tat java.base/java.io.FileInputStream.open(FileInputStream.java:213)\n\tat java.base/java.io.FileInputStream.<init>(FileInputStream.java:152)\n\tat org.example.utils.PropertyReaderUtil.readyKey(PropertyReaderUtil.java:18)\n\tat org.example.endpoints.APIConstants.<clinit>(APIConstants.java:13)\n\t... 30 more\n"},"stage":"finished","steps":[],"attachments":[],"parameters":[],"start":1711420021083,"stop":1711420021083}